<?xml version="1.0" encoding="UTF-8"?>
<!-- Generated by org.testng.reporters.JUnitReportReporter -->
<testsuite hostname="HYD2-5CG6180PBB" failures="0" tests="1" name="academy.AppTest" time="0.005" errors="0" timestamp="2021-09-21T22:54:10 IST" skipped="0">
  <testcase classname="academy.AppTest" name="shouldAnswerWithTrue" time="0.005"/>
  <system-out/>
</testsuite> <!-- academy.AppTest -->
