<?xml version="1.0" encoding="UTF-8"?>
<!-- Generated by org.testng.reporters.JUnitReportReporter -->
<testsuite hostname="HYD2-5CG6180PBB" failures="0" tests="1" name="academy.ValidateNavigationBarTest" time="9.565" errors="0" timestamp="2021-09-21T22:54:10 IST" skipped="0">
  <testcase classname="academy.ValidateNavigationBarTest" name="validateNavigationBar" time="9.565"/>
  <system-out/>
</testsuite> <!-- academy.ValidateNavigationBarTest -->
