<?xml version="1.0" encoding="UTF-8"?>
<!-- Generated by org.testng.reporters.JUnitReportReporter -->
<testsuite hostname="HYD2-5CG6180PBB" failures="0" tests="2" name="academy.HomePageTest" time="40.757" errors="0" timestamp="2021-09-21T22:54:10 IST" skipped="0">
  <testcase classname="academy.HomePageTest" name="validateLogin" time="23.176"/>
  <system-out/>
  <testcase classname="academy.HomePageTest" name="validateLogin" time="17.581"/>
  <system-out/>
</testsuite> <!-- academy.HomePageTest -->
