<?xml version="1.0" encoding="UTF-8"?>
<!-- Generated by org.testng.reporters.JUnitReportReporter -->
<testsuite hostname="HYD2-5CG6180PBB" failures="0" tests="1" name="Guru99.Guru99Bank.AppTest" time="0.008" errors="0" timestamp="2021-10-09T17:51:10 IST" skipped="0">
  <testcase classname="Guru99.Guru99Bank.AppTest" name="shouldAnswerWithTrue" time="0.008"/>
  <system-out/>
</testsuite> <!-- Guru99.Guru99Bank.AppTest -->
