<?xml version="1.0" encoding="UTF-8"?>
<!-- Generated by org.testng.reporters.JUnitReportReporter -->
<testsuite hostname="HYD2-5CG6180PBB" failures="0" tests="1" name="qaclickacademy.ExtentReport.ExtentReportDemo" time="17.345" errors="0" timestamp="2021-07-18T18:56:33 IST" skipped="0">
  <testcase classname="qaclickacademy.ExtentReport.ExtentReportDemo" name="initialDemo" time="17.345"/>
  <system-out/>
</testsuite> <!-- qaclickacademy.ExtentReport.ExtentReportDemo -->
