<?xml version="1.0" encoding="UTF-8"?>
<!-- Generated by org.testng.reporters.JUnitReportReporter -->
<testsuite hostname="HYD2-5CG6180PBB" failures="0" tests="1" name="cucumberOptions.TestRunner" time="37.346" errors="0" timestamp="2021-10-03T17:17:08 IST" skipped="0">
  <testcase classname="cucumberOptions.TestRunner" name="feature" time="37.346"/>
  <system-out/>
</testsuite> <!-- cucumberOptions.TestRunner -->
