<?xml version="1.0" encoding="UTF-8"?>
<!-- Generated by org.testng.reporters.JUnitReportReporter -->
<testsuite hostname="HYD2-5CG6180PBB" failures="0" tests="1" name="guru99.Ecommerce.Day4Test" time="9.961" errors="0" timestamp="2021-10-19T23:21:02 IST" skipped="0">
  <testcase classname="guru99.Ecommerce.Day4Test" name="testcase4" time="9.961"/>
  <system-out/>
</testsuite> <!-- guru99.Ecommerce.Day4Test -->
