<?xml version="1.0" encoding="UTF-8"?>
<!-- Generated by org.testng.reporters.JUnitReportReporter -->
<testsuite hostname="HYD2-5CG6180PBB" failures="0" tests="1" name="guru99.Ecommerce.Day5Test" time="16.923" errors="0" timestamp="2021-10-20T00:25:28 IST" skipped="0">
  <testcase classname="guru99.Ecommerce.Day5Test" name="testcase5" time="16.923"/>
  <system-out/>
</testsuite> <!-- guru99.Ecommerce.Day5Test -->
