<?xml version="1.0" encoding="UTF-8"?>
<!-- Generated by org.testng.reporters.JUnitReportReporter -->
<testsuite hostname="HYD2-5CG6180PBB" failures="0" tests="1" name="guru99.Ecommerce.Day1Test" time="4.814" errors="0" timestamp="2021-10-17T01:58:38 IST" skipped="0">
  <testcase classname="guru99.Ecommerce.Day1Test" name="testcase1" time="4.814"/>
  <system-out/>
</testsuite> <!-- guru99.Ecommerce.Day1Test -->
