<?xml version="1.0" encoding="UTF-8"?>
<!-- Generated by org.testng.reporters.JUnitReportReporter -->
<testsuite hostname="HYD2-5CG6180PBB" failures="0" tests="1" name="guru99.Ecommerce.Day2Test" time="5.782" errors="0" timestamp="2021-10-17T14:09:27 IST" skipped="0">
  <testcase classname="guru99.Ecommerce.Day2Test" name="testcase2" time="5.782"/>
  <system-out/>
</testsuite> <!-- guru99.Ecommerce.Day2Test -->
