<?xml version="1.0" encoding="UTF-8"?>
<!-- Generated by org.testng.reporters.JUnitReportReporter -->
<testsuite hostname="HYD2-5CG6180PBB" failures="0" tests="2" name="qaclickacademy.Mavenjava.AppiumTest" time="0.009" errors="0" timestamp="2021-07-17T20:09:13 IST" skipped="0">
  <testcase classname="qaclickacademy.Mavenjava.AppiumTest" name="iosApps" time="0.001"/>
  <system-out/>
  <testcase classname="qaclickacademy.Mavenjava.AppiumTest" name="androidApps" time="0.008"/>
  <system-out/>
</testsuite> <!-- qaclickacademy.Mavenjava.AppiumTest -->
