<?xml version="1.0" encoding="UTF-8"?>
<!-- Generated by org.testng.reporters.JUnitReportReporter -->
<testsuite hostname="HYD2-5CG6180PBB" failures="0" tests="2" name="TestNG.Start" time="0.014" errors="0" timestamp="2021-07-11T18:14:40 IST" skipped="0">
  <testcase classname="TestNG.Start" name="demo" time="0.003"/>
  <system-out/>
  <testcase classname="TestNG.Start" name="base" time="0.011"/>
  <system-out/>
</testsuite> <!-- TestNG.Start -->
