<?xml version="1.0" encoding="UTF-8"?>
<!-- Generated by org.testng.reporters.JUnitReportReporter -->
<testsuite hostname="HYD2-5CG6180PBB" failures="0" tests="3" name="TestNG.Start4" time="0.017" errors="0" timestamp="2021-07-11T18:14:40 IST" skipped="0">
  <testcase classname="TestNG.Start4" name="webLoginHomeLoan" time="0.008"/>
  <system-out/>
  <testcase classname="TestNG.Start4" name="mobileLoginHomeLoan" time="0.005"/>
  <system-out/>
  <testcase classname="TestNG.Start4" name="LoginAPIHomeLoan" time="0.004"/>
  <system-out/>
</testsuite> <!-- TestNG.Start4 -->
