<?xml version="1.0" encoding="UTF-8"?>
<!-- Generated by org.testng.reporters.JUnitReportReporter -->
<testsuite hostname="HYD2-5CG6180PBB" failures="0" tests="4" name="Guru99.Guru99Bank.LoginTest" time="54.059" errors="0" timestamp="2021-10-16T19:50:30 IST" skipped="0">
  <testcase classname="Guru99.Guru99Bank.LoginTest" name="verifyLogin" time="12.308"/>
  <system-out/>
  <testcase classname="Guru99.Guru99Bank.LoginTest" name="verifyLogin" time="11.496"/>
  <system-out/>
  <testcase classname="Guru99.Guru99Bank.LoginTest" name="verifyLogin" time="17.715"/>
  <system-out/>
  <testcase classname="Guru99.Guru99Bank.LoginTest" name="verifyLogin" time="12.540"/>
  <system-out/>
</testsuite> <!-- Guru99.Guru99Bank.LoginTest -->
